  zad3a.cpp
e:\zzz\nowy folder (2)\lab3\zad3a\zad3a\colors.h(20): warning C4838: konwersja z „double” do „const GLfloat” wymaga konwersji zawężającej
e:\zzz\nowy folder (2)\lab3\zad3a\zad3a\colors.h(20): warning C4305: "inicjowanie": obcięcie z "double" do "const GLfloat"
e:\zzz\nowy folder (2)\lab3\zad3a\zad3a\colors.h(25): warning C4838: konwersja z „double” do „const GLfloat” wymaga konwersji zawężającej
e:\zzz\nowy folder (2)\lab3\zad3a\zad3a\colors.h(25): warning C4305: "inicjowanie": obcięcie z "double" do "const GLfloat"
e:\zzz\nowy folder (2)\lab3\zad3a\zad3a\colors.h(35): warning C4838: konwersja z „double” do „const GLfloat” wymaga konwersji zawężającej
e:\zzz\nowy folder (2)\lab3\zad3a\zad3a\colors.h(35): warning C4305: "inicjowanie": obcięcie z "double" do "const GLfloat"
e:\zzz\nowy folder (2)\lab3\zad3a\zad3a\colors.h(42): warning C4838: konwersja z „double” do „const GLfloat” wymaga konwersji zawężającej
e:\zzz\nowy folder (2)\lab3\zad3a\zad3a\colors.h(42): warning C4305: "inicjowanie": obcięcie z "double" do "const GLfloat"
e:\zzz\nowy folder (2)\lab3\zad3a\zad3a\colors.h(49): warning C4838: konwersja z „double” do „const GLfloat” wymaga konwersji zawężającej
e:\zzz\nowy folder (2)\lab3\zad3a\zad3a\colors.h(49): warning C4305: "inicjowanie": obcięcie z "double" do "const GLfloat"
e:\zzz\nowy folder (2)\lab3\zad3a\zad3a\colors.h(54): warning C4838: konwersja z „double” do „const GLfloat” wymaga konwersji zawężającej
e:\zzz\nowy folder (2)\lab3\zad3a\zad3a\colors.h(54): warning C4305: "inicjowanie": obcięcie z "double" do "const GLfloat"
e:\zzz\nowy folder (2)\lab3\zad3a\zad3a\colors.h(66): warning C4838: konwersja z „double” do „const GLfloat” wymaga konwersji zawężającej
e:\zzz\nowy folder (2)\lab3\zad3a\zad3a\colors.h(66): warning C4305: "inicjowanie": obcięcie z "double" do "const GLfloat"
e:\zzz\nowy folder (2)\lab3\zad3a\zad3a\colors.h(80): warning C4838: konwersja z „double” do „const GLfloat” wymaga konwersji zawężającej
e:\zzz\nowy folder (2)\lab3\zad3a\zad3a\colors.h(80): warning C4305: "inicjowanie": obcięcie z "double" do "const GLfloat"
e:\zzz\nowy folder (2)\lab3\zad3a\zad3a\colors.h(87): warning C4838: konwersja z „double” do „const GLfloat” wymaga konwersji zawężającej
e:\zzz\nowy folder (2)\lab3\zad3a\zad3a\colors.h(87): warning C4305: "inicjowanie": obcięcie z "double" do "const GLfloat"
e:\zzz\nowy folder (2)\lab3\zad3a\zad3a\colors.h(92): warning C4838: konwersja z „double” do „const GLfloat” wymaga konwersji zawężającej
e:\zzz\nowy folder (2)\lab3\zad3a\zad3a\colors.h(92): warning C4305: "inicjowanie": obcięcie z "double" do "const GLfloat"
e:\zzz\nowy folder (2)\lab3\zad3a\zad3a\colors.h(97): warning C4838: konwersja z „double” do „const GLfloat” wymaga konwersji zawężającej
e:\zzz\nowy folder (2)\lab3\zad3a\zad3a\colors.h(97): warning C4305: "inicjowanie": obcięcie z "double" do "const GLfloat"
e:\zzz\nowy folder (2)\lab3\zad3a\zad3a\colors.h(102): warning C4838: konwersja z „double” do „const GLfloat” wymaga konwersji zawężającej
e:\zzz\nowy folder (2)\lab3\zad3a\zad3a\colors.h(102): warning C4305: "inicjowanie": obcięcie z "double" do "const GLfloat"
e:\zzz\nowy folder (2)\lab3\zad3a\zad3a\colors.h(109): warning C4838: konwersja z „double” do „const GLfloat” wymaga konwersji zawężającej
e:\zzz\nowy folder (2)\lab3\zad3a\zad3a\colors.h(109): warning C4305: "inicjowanie": obcięcie z "double" do "const GLfloat"
e:\zzz\nowy folder (2)\lab3\zad3a\zad3a\colors.h(116): warning C4838: konwersja z „double” do „const GLfloat” wymaga konwersji zawężającej
e:\zzz\nowy folder (2)\lab3\zad3a\zad3a\colors.h(116): warning C4305: "inicjowanie": obcięcie z "double" do "const GLfloat"
e:\zzz\nowy folder (2)\lab3\zad3a\zad3a\colors.h(121): warning C4838: konwersja z „double” do „const GLfloat” wymaga konwersji zawężającej
e:\zzz\nowy folder (2)\lab3\zad3a\zad3a\colors.h(121): warning C4305: "inicjowanie": obcięcie z "double" do "const GLfloat"
e:\zzz\nowy folder (2)\lab3\zad3a\zad3a\colors.h(126): warning C4838: konwersja z „double” do „const GLfloat” wymaga konwersji zawężającej
e:\zzz\nowy folder (2)\lab3\zad3a\zad3a\colors.h(126): warning C4305: "inicjowanie": obcięcie z "double" do "const GLfloat"
e:\zzz\nowy folder (2)\lab3\zad3a\zad3a\colors.h(133): warning C4838: konwersja z „double” do „const GLfloat” wymaga konwersji zawężającej
e:\zzz\nowy folder (2)\lab3\zad3a\zad3a\colors.h(133): warning C4305: "inicjowanie": obcięcie z "double" do "const GLfloat"
e:\zzz\nowy folder (2)\lab3\zad3a\zad3a\colors.h(147): warning C4838: konwersja z „double” do „const GLfloat” wymaga konwersji zawężającej
e:\zzz\nowy folder (2)\lab3\zad3a\zad3a\colors.h(147): warning C4305: "inicjowanie": obcięcie z "double" do "const GLfloat"
e:\zzz\nowy folder (2)\lab3\zad3a\zad3a\colors.h(154): warning C4838: konwersja z „double” do „const GLfloat” wymaga konwersji zawężającej
e:\zzz\nowy folder (2)\lab3\zad3a\zad3a\colors.h(154): warning C4305: "inicjowanie": obcięcie z "double" do "const GLfloat"
e:\zzz\nowy folder (2)\lab3\zad3a\zad3a\colors.h(159): warning C4838: konwersja z „double” do „const GLfloat” wymaga konwersji zawężającej
e:\zzz\nowy folder (2)\lab3\zad3a\zad3a\colors.h(159): warning C4305: "inicjowanie": obcięcie z "double" do "const GLfloat"
e:\zzz\nowy folder (2)\lab3\zad3a\zad3a\colors.h(166): warning C4838: konwersja z „double” do „const GLfloat” wymaga konwersji zawężającej
e:\zzz\nowy folder (2)\lab3\zad3a\zad3a\colors.h(166): warning C4305: "inicjowanie": obcięcie z "double" do "const GLfloat"
e:\zzz\nowy folder (2)\lab3\zad3a\zad3a\colors.h(173): warning C4838: konwersja z „double” do „const GLfloat” wymaga konwersji zawężającej
e:\zzz\nowy folder (2)\lab3\zad3a\zad3a\colors.h(173): warning C4305: "inicjowanie": obcięcie z "double" do "const GLfloat"
e:\zzz\nowy folder (2)\lab3\zad3a\zad3a\colors.h(180): warning C4838: konwersja z „double” do „const GLfloat” wymaga konwersji zawężającej
e:\zzz\nowy folder (2)\lab3\zad3a\zad3a\colors.h(180): warning C4305: "inicjowanie": obcięcie z "double" do "const GLfloat"
e:\zzz\nowy folder (2)\lab3\zad3a\zad3a\colors.h(187): warning C4838: konwersja z „double” do „const GLfloat” wymaga konwersji zawężającej
e:\zzz\nowy folder (2)\lab3\zad3a\zad3a\colors.h(187): warning C4305: "inicjowanie": obcięcie z "double" do "const GLfloat"
e:\zzz\nowy folder (2)\lab3\zad3a\zad3a\colors.h(192): warning C4838: konwersja z „double” do „const GLfloat” wymaga konwersji zawężającej
e:\zzz\nowy folder (2)\lab3\zad3a\zad3a\colors.h(192): warning C4305: "inicjowanie": obcięcie z "double" do "const GLfloat"
e:\zzz\nowy folder (2)\lab3\zad3a\zad3a\colors.h(199): warning C4838: konwersja z „double” do „const GLfloat” wymaga konwersji zawężającej
e:\zzz\nowy folder (2)\lab3\zad3a\zad3a\colors.h(199): warning C4305: "inicjowanie": obcięcie z "double" do "const GLfloat"
e:\zzz\nowy folder (2)\lab3\zad3a\zad3a\colors.h(204): warning C4838: konwersja z „double” do „const GLfloat” wymaga konwersji zawężającej
e:\zzz\nowy folder (2)\lab3\zad3a\zad3a\colors.h(204): warning C4305: "inicjowanie": obcięcie z "double" do "const GLfloat"
e:\zzz\nowy folder (2)\lab3\zad3a\zad3a\colors.h(211): warning C4838: konwersja z „double” do „const GLfloat” wymaga konwersji zawężającej
e:\zzz\nowy folder (2)\lab3\zad3a\zad3a\colors.h(211): warning C4305: "inicjowanie": obcięcie z "double" do "const GLfloat"
e:\zzz\nowy folder (2)\lab3\zad3a\zad3a\colors.h(216): warning C4838: konwersja z „double” do „const GLfloat” wymaga konwersji zawężającej
e:\zzz\nowy folder (2)\lab3\zad3a\zad3a\colors.h(216): warning C4305: "inicjowanie": obcięcie z "double" do "const GLfloat"
e:\zzz\nowy folder (2)\lab3\zad3a\zad3a\colors.h(221): warning C4838: konwersja z „double” do „const GLfloat” wymaga konwersji zawężającej
e:\zzz\nowy folder (2)\lab3\zad3a\zad3a\colors.h(221): warning C4305: "inicjowanie": obcięcie z "double" do "const GLfloat"
e:\zzz\nowy folder (2)\lab3\zad3a\zad3a\colors.h(226): warning C4838: konwersja z „double” do „const GLfloat” wymaga konwersji zawężającej
e:\zzz\nowy folder (2)\lab3\zad3a\zad3a\colors.h(226): warning C4305: "inicjowanie": obcięcie z "double" do "const GLfloat"
e:\zzz\nowy folder (2)\lab3\zad3a\zad3a\colors.h(231): warning C4838: konwersja z „double” do „const GLfloat” wymaga konwersji zawężającej
e:\zzz\nowy folder (2)\lab3\zad3a\zad3a\colors.h(231): warning C4305: "inicjowanie": obcięcie z "double" do "const GLfloat"
e:\zzz\nowy folder (2)\lab3\zad3a\zad3a\colors.h(236): warning C4838: konwersja z „double” do „const GLfloat” wymaga konwersji zawężającej
e:\zzz\nowy folder (2)\lab3\zad3a\zad3a\colors.h(236): warning C4305: "inicjowanie": obcięcie z "double" do "const GLfloat"
e:\zzz\nowy folder (2)\lab3\zad3a\zad3a\colors.h(243): warning C4838: konwersja z „double” do „const GLfloat” wymaga konwersji zawężającej
e:\zzz\nowy folder (2)\lab3\zad3a\zad3a\colors.h(243): warning C4305: "inicjowanie": obcięcie z "double" do "const GLfloat"
e:\zzz\nowy folder (2)\lab3\zad3a\zad3a\colors.h(248): warning C4838: konwersja z „double” do „const GLfloat” wymaga konwersji zawężającej
e:\zzz\nowy folder (2)\lab3\zad3a\zad3a\colors.h(248): warning C4305: "inicjowanie": obcięcie z "double" do "const GLfloat"
e:\zzz\nowy folder (2)\lab3\zad3a\zad3a\colors.h(253): warning C4838: konwersja z „double” do „const GLfloat” wymaga konwersji zawężającej
e:\zzz\nowy folder (2)\lab3\zad3a\zad3a\colors.h(253): warning C4305: "inicjowanie": obcięcie z "double" do "const GLfloat"
e:\zzz\nowy folder (2)\lab3\zad3a\zad3a\colors.h(258): warning C4838: konwersja z „double” do „const GLfloat” wymaga konwersji zawężającej
e:\zzz\nowy folder (2)\lab3\zad3a\zad3a\colors.h(258): warning C4305: "inicjowanie": obcięcie z "double" do "const GLfloat"
e:\zzz\nowy folder (2)\lab3\zad3a\zad3a\colors.h(263): warning C4838: konwersja z „double” do „const GLfloat” wymaga konwersji zawężającej
e:\zzz\nowy folder (2)\lab3\zad3a\zad3a\colors.h(263): warning C4305: "inicjowanie": obcięcie z "double" do "const GLfloat"
e:\zzz\nowy folder (2)\lab3\zad3a\zad3a\colors.h(268): warning C4838: konwersja z „double” do „const GLfloat” wymaga konwersji zawężającej
e:\zzz\nowy folder (2)\lab3\zad3a\zad3a\colors.h(268): warning C4305: "inicjowanie": obcięcie z "double" do "const GLfloat"
e:\zzz\nowy folder (2)\lab3\zad3a\zad3a\colors.h(273): warning C4838: konwersja z „double” do „const GLfloat” wymaga konwersji zawężającej
e:\zzz\nowy folder (2)\lab3\zad3a\zad3a\colors.h(273): warning C4305: "inicjowanie": obcięcie z "double" do "const GLfloat"
e:\zzz\nowy folder (2)\lab3\zad3a\zad3a\colors.h(278): warning C4838: konwersja z „double” do „const GLfloat” wymaga konwersji zawężającej
e:\zzz\nowy folder (2)\lab3\zad3a\zad3a\colors.h(278): warning C4305: "inicjowanie": obcięcie z "double" do "const GLfloat"
e:\zzz\nowy folder (2)\lab3\zad3a\zad3a\colors.h(290): warning C4838: konwersja z „double” do „const GLfloat” wymaga konwersji zawężającej
e:\zzz\nowy folder (2)\lab3\zad3a\zad3a\colors.h(290): warning C4305: "inicjowanie": obcięcie z "double" do "const GLfloat"
e:\zzz\nowy folder (2)\lab3\zad3a\zad3a\colors.h(295): warning C4838: konwersja z „double” do „const GLfloat” wymaga konwersji zawężającej
e:\zzz\nowy folder (2)\lab3\zad3a\zad3a\colors.h(295): warning C4305: "inicjowanie": obcięcie z "double" do "const GLfloat"
e:\zzz\nowy folder (2)\lab3\zad3a\zad3a\colors.h(302): warning C4838: konwersja z „double” do „const GLfloat” wymaga konwersji zawężającej
e:\zzz\nowy folder (2)\lab3\zad3a\zad3a\colors.h(302): warning C4305: "inicjowanie": obcięcie z "double" do "const GLfloat"
e:\zzz\nowy folder (2)\lab3\zad3a\zad3a\colors.h(307): warning C4838: konwersja z „double” do „const GLfloat” wymaga konwersji zawężającej
e:\zzz\nowy folder (2)\lab3\zad3a\zad3a\colors.h(307): warning C4305: "inicjowanie": obcięcie z "double" do "const GLfloat"
e:\zzz\nowy folder (2)\lab3\zad3a\zad3a\colors.h(314): warning C4838: konwersja z „double” do „const GLfloat” wymaga konwersji zawężającej
e:\zzz\nowy folder (2)\lab3\zad3a\zad3a\colors.h(314): warning C4305: "inicjowanie": obcięcie z "double" do "const GLfloat"
e:\zzz\nowy folder (2)\lab3\zad3a\zad3a\colors.h(321): warning C4838: konwersja z „double” do „const GLfloat” wymaga konwersji zawężającej
e:\zzz\nowy folder (2)\lab3\zad3a\zad3a\colors.h(321): warning C4305: "inicjowanie": obcięcie z "double" do "const GLfloat"
e:\zzz\nowy folder (2)\lab3\zad3a\zad3a\colors.h(328): warning C4838: konwersja z „double” do „const GLfloat” wymaga konwersji zawężającej
e:\zzz\nowy folder (2)\lab3\zad3a\zad3a\colors.h(328): warning C4305: "inicjowanie": obcięcie z "double" do "const GLfloat"
e:\zzz\nowy folder (2)\lab3\zad3a\zad3a\colors.h(335): warning C4838: konwersja z „double” do „const GLfloat” wymaga konwersji zawężającej
e:\zzz\nowy folder (2)\lab3\zad3a\zad3a\colors.h(335): warning C4305: "inicjowanie": obcięcie z "double" do "const GLfloat"
e:\zzz\nowy folder (2)\lab3\zad3a\zad3a\colors.h(342): warning C4838: konwersja z „double” do „const GLfloat” wymaga konwersji zawężającej
e:\zzz\nowy folder (2)\lab3\zad3a\zad3a\colors.h(342): warning C4305: "inicjowanie": obcięcie z "double" do "const GLfloat"
e:\zzz\nowy folder (2)\lab3\zad3a\zad3a\colors.h(347): warning C4838: konwersja z „double” do „const GLfloat” wymaga konwersji zawężającej
e:\zzz\nowy folder (2)\lab3\zad3a\zad3a\colors.h(347): warning C4305: "inicjowanie": obcięcie z "double" do "const GLfloat"
e:\zzz\nowy folder (2)\lab3\zad3a\zad3a\colors.h(354): warning C4838: konwersja z „double” do „const GLfloat” wymaga konwersji zawężającej
e:\zzz\nowy folder (2)\lab3\zad3a\zad3a\colors.h(354): warning C4305: "inicjowanie": obcięcie z "double" do "const GLfloat"
e:\zzz\nowy folder (2)\lab3\zad3a\zad3a\colors.h(361): warning C4838: konwersja z „double” do „const GLfloat” wymaga konwersji zawężającej
e:\zzz\nowy folder (2)\lab3\zad3a\zad3a\colors.h(361): warning C4305: "inicjowanie": obcięcie z "double" do "const GLfloat"
e:\zzz\nowy folder (2)\lab3\zad3a\zad3a\colors.h(368): warning C4838: konwersja z „double” do „const GLfloat” wymaga konwersji zawężającej
e:\zzz\nowy folder (2)\lab3\zad3a\zad3a\colors.h(368): warning C4305: "inicjowanie": obcięcie z "double" do "const GLfloat"
e:\zzz\nowy folder (2)\lab3\zad3a\zad3a\colors.h(375): warning C4838: konwersja z „double” do „const GLfloat” wymaga konwersji zawężającej
e:\zzz\nowy folder (2)\lab3\zad3a\zad3a\colors.h(375): warning C4305: "inicjowanie": obcięcie z "double" do "const GLfloat"
e:\zzz\nowy folder (2)\lab3\zad3a\zad3a\colors.h(380): warning C4838: konwersja z „double” do „const GLfloat” wymaga konwersji zawężającej
e:\zzz\nowy folder (2)\lab3\zad3a\zad3a\colors.h(380): warning C4305: "inicjowanie": obcięcie z "double" do "const GLfloat"
e:\zzz\nowy folder (2)\lab3\zad3a\zad3a\colors.h(385): warning C4838: konwersja z „double” do „const GLfloat” wymaga konwersji zawężającej
e:\zzz\nowy folder (2)\lab3\zad3a\zad3a\colors.h(385): warning C4305: "inicjowanie": obcięcie z "double" do "const GLfloat"
e:\zzz\nowy folder (2)\lab3\zad3a\zad3a\colors.h(390): warning C4838: konwersja z „double” do „const GLfloat” wymaga konwersji zawężającej
e:\zzz\nowy folder (2)\lab3\zad3a\zad3a\colors.h(390): warning C4305: "inicjowanie": obcięcie z "double" do "const GLfloat"
e:\zzz\nowy folder (2)\lab3\zad3a\zad3a\colors.h(395): warning C4838: konwersja z „double” do „const GLfloat” wymaga konwersji zawężającej
e:\zzz\nowy folder (2)\lab3\zad3a\zad3a\colors.h(395): warning C4305: "inicjowanie": obcięcie z "double" do "const GLfloat"
e:\zzz\nowy folder (2)\lab3\zad3a\zad3a\colors.h(400): warning C4838: konwersja z „double” do „const GLfloat” wymaga konwersji zawężającej
e:\zzz\nowy folder (2)\lab3\zad3a\zad3a\colors.h(400): warning C4305: "inicjowanie": obcięcie z "double" do "const GLfloat"
e:\zzz\nowy folder (2)\lab3\zad3a\zad3a\colors.h(405): warning C4838: konwersja z „double” do „const GLfloat” wymaga konwersji zawężającej
e:\zzz\nowy folder (2)\lab3\zad3a\zad3a\colors.h(405): warning C4305: "inicjowanie": obcięcie z "double" do "const GLfloat"
e:\zzz\nowy folder (2)\lab3\zad3a\zad3a\colors.h(410): warning C4838: konwersja z „double” do „const GLfloat” wymaga konwersji zawężającej
e:\zzz\nowy folder (2)\lab3\zad3a\zad3a\colors.h(410): warning C4305: "inicjowanie": obcięcie z "double" do "const GLfloat"
e:\zzz\nowy folder (2)\lab3\zad3a\zad3a\colors.h(415): warning C4838: konwersja z „double” do „const GLfloat” wymaga konwersji zawężającej
e:\zzz\nowy folder (2)\lab3\zad3a\zad3a\colors.h(415): warning C4305: "inicjowanie": obcięcie z "double" do "const GLfloat"
e:\zzz\nowy folder (2)\lab3\zad3a\zad3a\colors.h(420): warning C4838: konwersja z „double” do „const GLfloat” wymaga konwersji zawężającej
e:\zzz\nowy folder (2)\lab3\zad3a\zad3a\colors.h(420): warning C4305: "inicjowanie": obcięcie z "double" do "const GLfloat"
e:\zzz\nowy folder (2)\lab3\zad3a\zad3a\colors.h(425): warning C4838: konwersja z „double” do „const GLfloat” wymaga konwersji zawężającej
e:\zzz\nowy folder (2)\lab3\zad3a\zad3a\colors.h(425): warning C4305: "inicjowanie": obcięcie z "double" do "const GLfloat"
e:\zzz\nowy folder (2)\lab3\zad3a\zad3a\colors.h(430): warning C4838: konwersja z „double” do „const GLfloat” wymaga konwersji zawężającej
e:\zzz\nowy folder (2)\lab3\zad3a\zad3a\colors.h(430): warning C4305: "inicjowanie": obcięcie z "double" do "const GLfloat"
e:\zzz\nowy folder (2)\lab3\zad3a\zad3a\colors.h(435): warning C4838: konwersja z „double” do „const GLfloat” wymaga konwersji zawężającej
e:\zzz\nowy folder (2)\lab3\zad3a\zad3a\colors.h(435): warning C4305: "inicjowanie": obcięcie z "double" do "const GLfloat"
e:\zzz\nowy folder (2)\lab3\zad3a\zad3a\colors.h(440): warning C4838: konwersja z „double” do „const GLfloat” wymaga konwersji zawężającej
e:\zzz\nowy folder (2)\lab3\zad3a\zad3a\colors.h(440): warning C4305: "inicjowanie": obcięcie z "double" do "const GLfloat"
e:\zzz\nowy folder (2)\lab3\zad3a\zad3a\colors.h(445): warning C4838: konwersja z „double” do „const GLfloat” wymaga konwersji zawężającej
e:\zzz\nowy folder (2)\lab3\zad3a\zad3a\colors.h(445): warning C4305: "inicjowanie": obcięcie z "double" do "const GLfloat"
e:\zzz\nowy folder (2)\lab3\zad3a\zad3a\colors.h(450): warning C4838: konwersja z „double” do „const GLfloat” wymaga konwersji zawężającej
e:\zzz\nowy folder (2)\lab3\zad3a\zad3a\colors.h(450): warning C4305: "inicjowanie": obcięcie z "double" do "const GLfloat"
e:\zzz\nowy folder (2)\lab3\zad3a\zad3a\colors.h(455): warning C4838: konwersja z „double” do „const GLfloat” wymaga konwersji zawężającej
e:\zzz\nowy folder (2)\lab3\zad3a\zad3a\colors.h(455): warning C4305: "inicjowanie": obcięcie z "double" do "const GLfloat"
e:\zzz\nowy folder (2)\lab3\zad3a\zad3a\colors.h(469): warning C4838: konwersja z „double” do „const GLfloat” wymaga konwersji zawężającej
e:\zzz\nowy folder (2)\lab3\zad3a\zad3a\colors.h(469): warning C4305: "inicjowanie": obcięcie z "double" do "const GLfloat"
e:\zzz\nowy folder (2)\lab3\zad3a\zad3a\colors.h(476): warning C4838: konwersja z „double” do „const GLfloat” wymaga konwersji zawężającej
e:\zzz\nowy folder (2)\lab3\zad3a\zad3a\colors.h(476): warning C4305: "inicjowanie": obcięcie z "double" do "const GLfloat"
e:\zzz\nowy folder (2)\lab3\zad3a\zad3a\colors.h(490): warning C4838: konwersja z „double” do „const GLfloat” wymaga konwersji zawężającej
e:\zzz\nowy folder (2)\lab3\zad3a\zad3a\colors.h(490): warning C4305: "inicjowanie": obcięcie z "double" do "const GLfloat"
e:\zzz\nowy folder (2)\lab3\zad3a\zad3a\colors.h(495): warning C4838: konwersja z „double” do „const GLfloat” wymaga konwersji zawężającej
e:\zzz\nowy folder (2)\lab3\zad3a\zad3a\colors.h(495): warning C4305: "inicjowanie": obcięcie z "double" do "const GLfloat"
e:\zzz\nowy folder (2)\lab3\zad3a\zad3a\colors.h(500): warning C4838: konwersja z „double” do „const GLfloat” wymaga konwersji zawężającej
e:\zzz\nowy folder (2)\lab3\zad3a\zad3a\colors.h(500): warning C4305: "inicjowanie": obcięcie z "double" do "const GLfloat"
e:\zzz\nowy folder (2)\lab3\zad3a\zad3a\colors.h(505): warning C4838: konwersja z „double” do „const GLfloat” wymaga konwersji zawężającej
e:\zzz\nowy folder (2)\lab3\zad3a\zad3a\colors.h(505): warning C4305: "inicjowanie": obcięcie z "double" do "const GLfloat"
e:\zzz\nowy folder (2)\lab3\zad3a\zad3a\colors.h(510): warning C4838: konwersja z „double” do „const GLfloat” wymaga konwersji zawężającej
e:\zzz\nowy folder (2)\lab3\zad3a\zad3a\colors.h(510): warning C4305: "inicjowanie": obcięcie z "double" do "const GLfloat"
e:\zzz\nowy folder (2)\lab3\zad3a\zad3a\colors.h(515): warning C4838: konwersja z „double” do „const GLfloat” wymaga konwersji zawężającej
e:\zzz\nowy folder (2)\lab3\zad3a\zad3a\colors.h(515): warning C4305: "inicjowanie": obcięcie z "double" do "const GLfloat"
e:\zzz\nowy folder (2)\lab3\zad3a\zad3a\colors.h(520): warning C4838: konwersja z „double” do „const GLfloat” wymaga konwersji zawężającej
e:\zzz\nowy folder (2)\lab3\zad3a\zad3a\colors.h(520): warning C4305: "inicjowanie": obcięcie z "double" do "const GLfloat"
e:\zzz\nowy folder (2)\lab3\zad3a\zad3a\colors.h(525): warning C4838: konwersja z „double” do „const GLfloat” wymaga konwersji zawężającej
e:\zzz\nowy folder (2)\lab3\zad3a\zad3a\colors.h(525): warning C4305: "inicjowanie": obcięcie z "double" do "const GLfloat"
e:\zzz\nowy folder (2)\lab3\zad3a\zad3a\colors.h(530): warning C4838: konwersja z „double” do „const GLfloat” wymaga konwersji zawężającej
e:\zzz\nowy folder (2)\lab3\zad3a\zad3a\colors.h(530): warning C4305: "inicjowanie": obcięcie z "double" do "const GLfloat"
e:\zzz\nowy folder (2)\lab3\zad3a\zad3a\colors.h(535): warning C4838: konwersja z „double” do „const GLfloat” wymaga konwersji zawężającej
e:\zzz\nowy folder (2)\lab3\zad3a\zad3a\colors.h(535): warning C4305: "inicjowanie": obcięcie z "double" do "const GLfloat"
e:\zzz\nowy folder (2)\lab3\zad3a\zad3a\colors.h(540): warning C4838: konwersja z „double” do „const GLfloat” wymaga konwersji zawężającej
e:\zzz\nowy folder (2)\lab3\zad3a\zad3a\colors.h(540): warning C4305: "inicjowanie": obcięcie z "double" do "const GLfloat"
e:\zzz\nowy folder (2)\lab3\zad3a\zad3a\colors.h(545): warning C4838: konwersja z „double” do „const GLfloat” wymaga konwersji zawężającej
e:\zzz\nowy folder (2)\lab3\zad3a\zad3a\colors.h(545): warning C4305: "inicjowanie": obcięcie z "double" do "const GLfloat"
e:\zzz\nowy folder (2)\lab3\zad3a\zad3a\colors.h(550): warning C4838: konwersja z „double” do „const GLfloat” wymaga konwersji zawężającej
e:\zzz\nowy folder (2)\lab3\zad3a\zad3a\colors.h(550): warning C4305: "inicjowanie": obcięcie z "double" do "const GLfloat"
e:\zzz\nowy folder (2)\lab3\zad3a\zad3a\colors.h(555): warning C4838: konwersja z „double” do „const GLfloat” wymaga konwersji zawężającej
e:\zzz\nowy folder (2)\lab3\zad3a\zad3a\colors.h(555): warning C4305: "inicjowanie": obcięcie z "double" do "const GLfloat"
e:\zzz\nowy folder (2)\lab3\zad3a\zad3a\colors.h(560): warning C4838: konwersja z „double” do „const GLfloat” wymaga konwersji zawężającej
e:\zzz\nowy folder (2)\lab3\zad3a\zad3a\colors.h(560): warning C4305: "inicjowanie": obcięcie z "double" do "const GLfloat"
e:\zzz\nowy folder (2)\lab3\zad3a\zad3a\colors.h(567): warning C4838: konwersja z „double” do „const GLfloat” wymaga konwersji zawężającej
e:\zzz\nowy folder (2)\lab3\zad3a\zad3a\colors.h(567): warning C4305: "inicjowanie": obcięcie z "double" do "const GLfloat"
e:\zzz\nowy folder (2)\lab3\zad3a\zad3a\colors.h(572): warning C4838: konwersja z „double” do „const GLfloat” wymaga konwersji zawężającej
e:\zzz\nowy folder (2)\lab3\zad3a\zad3a\colors.h(572): warning C4305: "inicjowanie": obcięcie z "double" do "const GLfloat"
e:\zzz\nowy folder (2)\lab3\zad3a\zad3a\colors.h(579): warning C4838: konwersja z „double” do „const GLfloat” wymaga konwersji zawężającej
e:\zzz\nowy folder (2)\lab3\zad3a\zad3a\colors.h(579): warning C4305: "inicjowanie": obcięcie z "double" do "const GLfloat"
e:\zzz\nowy folder (2)\lab3\zad3a\zad3a\colors.h(587): warning C4838: konwersja z „double” do „const GLfloat” wymaga konwersji zawężającej
e:\zzz\nowy folder (2)\lab3\zad3a\zad3a\colors.h(587): warning C4305: "inicjowanie": obcięcie z "double" do "const GLfloat"
e:\zzz\nowy folder (2)\lab3\zad3a\zad3a\colors.h(594): warning C4838: konwersja z „double” do „const GLfloat” wymaga konwersji zawężającej
e:\zzz\nowy folder (2)\lab3\zad3a\zad3a\colors.h(594): warning C4305: "inicjowanie": obcięcie z "double" do "const GLfloat"
e:\zzz\nowy folder (2)\lab3\zad3a\zad3a\colors.h(601): warning C4838: konwersja z „double” do „const GLfloat” wymaga konwersji zawężającej
e:\zzz\nowy folder (2)\lab3\zad3a\zad3a\colors.h(601): warning C4305: "inicjowanie": obcięcie z "double" do "const GLfloat"
e:\zzz\nowy folder (2)\lab3\zad3a\zad3a\colors.h(606): warning C4838: konwersja z „double” do „const GLfloat” wymaga konwersji zawężającej
e:\zzz\nowy folder (2)\lab3\zad3a\zad3a\colors.h(606): warning C4305: "inicjowanie": obcięcie z "double" do "const GLfloat"
e:\zzz\nowy folder (2)\lab3\zad3a\zad3a\colors.h(611): warning C4838: konwersja z „double” do „const GLfloat” wymaga konwersji zawężającej
e:\zzz\nowy folder (2)\lab3\zad3a\zad3a\colors.h(611): warning C4305: "inicjowanie": obcięcie z "double" do "const GLfloat"
e:\zzz\nowy folder (2)\lab3\zad3a\zad3a\colors.h(618): warning C4838: konwersja z „double” do „const GLfloat” wymaga konwersji zawężającej
e:\zzz\nowy folder (2)\lab3\zad3a\zad3a\colors.h(618): warning C4305: "inicjowanie": obcięcie z "double" do "const GLfloat"
e:\zzz\nowy folder (2)\lab3\zad3a\zad3a\colors.h(625): warning C4838: konwersja z „double” do „const GLfloat” wymaga konwersji zawężającej
e:\zzz\nowy folder (2)\lab3\zad3a\zad3a\colors.h(625): warning C4305: "inicjowanie": obcięcie z "double" do "const GLfloat"
e:\zzz\nowy folder (2)\lab3\zad3a\zad3a\colors.h(630): warning C4838: konwersja z „double” do „const GLfloat” wymaga konwersji zawężającej
e:\zzz\nowy folder (2)\lab3\zad3a\zad3a\colors.h(630): warning C4305: "inicjowanie": obcięcie z "double" do "const GLfloat"
e:\zzz\nowy folder (2)\lab3\zad3a\zad3a\colors.h(635): warning C4838: konwersja z „double” do „const GLfloat” wymaga konwersji zawężającej
e:\zzz\nowy folder (2)\lab3\zad3a\zad3a\colors.h(635): warning C4305: "inicjowanie": obcięcie z "double" do "const GLfloat"
e:\zzz\nowy folder (2)\lab3\zad3a\zad3a\colors.h(640): warning C4838: konwersja z „double” do „const GLfloat” wymaga konwersji zawężającej
e:\zzz\nowy folder (2)\lab3\zad3a\zad3a\colors.h(640): warning C4305: "inicjowanie": obcięcie z "double" do "const GLfloat"
e:\zzz\nowy folder (2)\lab3\zad3a\zad3a\colors.h(645): warning C4838: konwersja z „double” do „const GLfloat” wymaga konwersji zawężającej
e:\zzz\nowy folder (2)\lab3\zad3a\zad3a\colors.h(645): warning C4305: "inicjowanie": obcięcie z "double" do "const GLfloat"
e:\zzz\nowy folder (2)\lab3\zad3a\zad3a\colors.h(652): warning C4838: konwersja z „double” do „const GLfloat” wymaga konwersji zawężającej
e:\zzz\nowy folder (2)\lab3\zad3a\zad3a\colors.h(652): warning C4305: "inicjowanie": obcięcie z "double" do "const GLfloat"
e:\zzz\nowy folder (2)\lab3\zad3a\zad3a\colors.h(659): warning C4838: konwersja z „double” do „const GLfloat” wymaga konwersji zawężającej
e:\zzz\nowy folder (2)\lab3\zad3a\zad3a\colors.h(659): warning C4305: "inicjowanie": obcięcie z "double" do "const GLfloat"
e:\zzz\nowy folder (2)\lab3\zad3a\zad3a\colors.h(664): warning C4838: konwersja z „double” do „const GLfloat” wymaga konwersji zawężającej
e:\zzz\nowy folder (2)\lab3\zad3a\zad3a\colors.h(664): warning C4305: "inicjowanie": obcięcie z "double" do "const GLfloat"
e:\zzz\nowy folder (2)\lab3\zad3a\zad3a\colors.h(671): warning C4838: konwersja z „double” do „const GLfloat” wymaga konwersji zawężającej
e:\zzz\nowy folder (2)\lab3\zad3a\zad3a\colors.h(671): warning C4305: "inicjowanie": obcięcie z "double" do "const GLfloat"
e:\zzz\nowy folder (2)\lab3\zad3a\zad3a\colors.h(683): warning C4838: konwersja z „double” do „const GLfloat” wymaga konwersji zawężającej
e:\zzz\nowy folder (2)\lab3\zad3a\zad3a\colors.h(683): warning C4305: "inicjowanie": obcięcie z "double" do "const GLfloat"
e:\zzz\nowy folder (2)\lab3\zad3a\zad3a\colors.h(688): warning C4838: konwersja z „double” do „const GLfloat” wymaga konwersji zawężającej
e:\zzz\nowy folder (2)\lab3\zad3a\zad3a\colors.h(688): warning C4305: "inicjowanie": obcięcie z "double" do "const GLfloat"
e:\zzz\nowy folder (2)\lab3\zad3a\zad3a\colors.h(695): warning C4838: konwersja z „double” do „const GLfloat” wymaga konwersji zawężającej
e:\zzz\nowy folder (2)\lab3\zad3a\zad3a\colors.h(695): warning C4305: "inicjowanie": obcięcie z "double" do "const GLfloat"
e:\zzz\nowy folder (2)\lab3\zad3a\zad3a\colors.h(702): warning C4838: konwersja z „double” do „const GLfloat” wymaga konwersji zawężającej
e:\zzz\nowy folder (2)\lab3\zad3a\zad3a\colors.h(702): warning C4305: "inicjowanie": obcięcie z "double" do "const GLfloat"
e:\zzz\nowy folder (2)\lab3\zad3a\zad3a\colors.h(707): warning C4838: konwersja z „double” do „const GLfloat” wymaga konwersji zawężającej
e:\zzz\nowy folder (2)\lab3\zad3a\zad3a\colors.h(707): warning C4305: "inicjowanie": obcięcie z "double" do "const GLfloat"
e:\zzz\nowy folder (2)\lab3\zad3a\zad3a\colors.h(712): warning C4838: konwersja z „double” do „const GLfloat” wymaga konwersji zawężającej
e:\zzz\nowy folder (2)\lab3\zad3a\zad3a\colors.h(712): warning C4305: "inicjowanie": obcięcie z "double" do "const GLfloat"
e:\zzz\nowy folder (2)\lab3\zad3a\zad3a\colors.h(717): warning C4838: konwersja z „double” do „const GLfloat” wymaga konwersji zawężającej
e:\zzz\nowy folder (2)\lab3\zad3a\zad3a\colors.h(717): warning C4305: "inicjowanie": obcięcie z "double" do "const GLfloat"
e:\zzz\nowy folder (2)\lab3\zad3a\zad3a\colors.h(724): warning C4838: konwersja z „double” do „const GLfloat” wymaga konwersji zawężającej
e:\zzz\nowy folder (2)\lab3\zad3a\zad3a\colors.h(724): warning C4305: "inicjowanie": obcięcie z "double" do "const GLfloat"
e:\zzz\nowy folder (2)\lab3\zad3a\zad3a\colors.h(731): warning C4838: konwersja z „double” do „const GLfloat” wymaga konwersji zawężającej
e:\zzz\nowy folder (2)\lab3\zad3a\zad3a\colors.h(731): warning C4305: "inicjowanie": obcięcie z "double" do "const GLfloat"
e:\zzz\nowy folder (2)\lab3\zad3a\zad3a\colors.h(738): warning C4838: konwersja z „double” do „const GLfloat” wymaga konwersji zawężającej
e:\zzz\nowy folder (2)\lab3\zad3a\zad3a\colors.h(738): warning C4305: "inicjowanie": obcięcie z "double" do "const GLfloat"
e:\zzz\nowy folder (2)\lab3\zad3a\zad3a\colors.h(745): warning C4838: konwersja z „double” do „const GLfloat” wymaga konwersji zawężającej
e:\zzz\nowy folder (2)\lab3\zad3a\zad3a\colors.h(745): warning C4305: "inicjowanie": obcięcie z "double" do "const GLfloat"
e:\zzz\nowy folder (2)\lab3\zad3a\zad3a\colors.h(752): warning C4838: konwersja z „double” do „const GLfloat” wymaga konwersji zawężającej
e:\zzz\nowy folder (2)\lab3\zad3a\zad3a\colors.h(752): warning C4305: "inicjowanie": obcięcie z "double" do "const GLfloat"
e:\zzz\nowy folder (2)\lab3\zad3a\zad3a\colors.h(759): warning C4838: konwersja z „double” do „const GLfloat” wymaga konwersji zawężającej
e:\zzz\nowy folder (2)\lab3\zad3a\zad3a\colors.h(759): warning C4305: "inicjowanie": obcięcie z "double" do "const GLfloat"
e:\zzz\nowy folder (2)\lab3\zad3a\zad3a\colors.h(766): warning C4838: konwersja z „double” do „const GLfloat” wymaga konwersji zawężającej
e:\zzz\nowy folder (2)\lab3\zad3a\zad3a\colors.h(766): warning C4305: "inicjowanie": obcięcie z "double" do "const GLfloat"
e:\zzz\nowy folder (2)\lab3\zad3a\zad3a\colors.h(773): warning C4838: konwersja z „double” do „const GLfloat” wymaga konwersji zawężającej
e:\zzz\nowy folder (2)\lab3\zad3a\zad3a\colors.h(773): warning C4305: "inicjowanie": obcięcie z "double" do "const GLfloat"
e:\zzz\nowy folder (2)\lab3\zad3a\zad3a\colors.h(780): warning C4838: konwersja z „double” do „const GLfloat” wymaga konwersji zawężającej
e:\zzz\nowy folder (2)\lab3\zad3a\zad3a\colors.h(780): warning C4305: "inicjowanie": obcięcie z "double" do "const GLfloat"
e:\zzz\nowy folder (2)\lab3\zad3a\zad3a\colors.h(787): warning C4838: konwersja z „double” do „const GLfloat” wymaga konwersji zawężającej
e:\zzz\nowy folder (2)\lab3\zad3a\zad3a\colors.h(787): warning C4305: "inicjowanie": obcięcie z "double" do "const GLfloat"
e:\zzz\nowy folder (2)\lab3\zad3a\zad3a\colors.h(794): warning C4838: konwersja z „double” do „const GLfloat” wymaga konwersji zawężającej
e:\zzz\nowy folder (2)\lab3\zad3a\zad3a\colors.h(794): warning C4305: "inicjowanie": obcięcie z "double" do "const GLfloat"
e:\zzz\nowy folder (2)\lab3\zad3a\zad3a\colors.h(801): warning C4838: konwersja z „double” do „const GLfloat” wymaga konwersji zawężającej
e:\zzz\nowy folder (2)\lab3\zad3a\zad3a\colors.h(801): warning C4305: "inicjowanie": obcięcie z "double" do "const GLfloat"
e:\zzz\nowy folder (2)\lab3\zad3a\zad3a\colors.h(815): warning C4838: konwersja z „double” do „const GLfloat” wymaga konwersji zawężającej
e:\zzz\nowy folder (2)\lab3\zad3a\zad3a\colors.h(815): warning C4305: "inicjowanie": obcięcie z "double" do "const GLfloat"
e:\zzz\nowy folder (2)\lab3\zad3a\zad3a\colors.h(822): warning C4838: konwersja z „double” do „const GLfloat” wymaga konwersji zawężającej
e:\zzz\nowy folder (2)\lab3\zad3a\zad3a\colors.h(822): warning C4305: "inicjowanie": obcięcie z "double" do "const GLfloat"
e:\zzz\nowy folder (2)\lab3\zad3a\zad3a\colors.h(827): warning C4838: konwersja z „double” do „const GLfloat” wymaga konwersji zawężającej
e:\zzz\nowy folder (2)\lab3\zad3a\zad3a\colors.h(827): warning C4305: "inicjowanie": obcięcie z "double" do "const GLfloat"
e:\zzz\nowy folder (2)\lab3\zad3a\zad3a\colors.h(839): warning C4838: konwersja z „double” do „const GLfloat” wymaga konwersji zawężającej
e:\zzz\nowy folder (2)\lab3\zad3a\zad3a\colors.h(839): warning C4305: "inicjowanie": obcięcie z "double" do "const GLfloat"
e:\zzz\nowy folder (2)\lab3\zad3a\zad3a\colors.h(853): warning C4838: konwersja z „double” do „const GLfloat” wymaga konwersji zawężającej
e:\zzz\nowy folder (2)\lab3\zad3a\zad3a\colors.h(853): warning C4305: "inicjowanie": obcięcie z "double" do "const GLfloat"
e:\zzz\nowy folder (2)\lab3\zad3a\zad3a\zad3a.cpp(64): warning C4996: 'fopen': This function or variable may be unsafe. Consider using fopen_s instead. To disable deprecation, use _CRT_SECURE_NO_WARNINGS. See online help for details.
  c:\program files (x86)\windows kits\10\include\10.0.14393.0\ucrt\stdio.h(207): note: zobacz deklarację „fopen”
e:\zzz\nowy folder (2)\lab3\zad3a\zad3a\zad3a.cpp(226): warning C4996: 'sprintf': This function or variable may be unsafe. Consider using sprintf_s instead. To disable deprecation, use _CRT_SECURE_NO_WARNINGS. See online help for details.
  c:\program files (x86)\windows kits\10\include\10.0.14393.0\ucrt\stdio.h(1769): note: zobacz deklarację „sprintf”
e:\zzz\nowy folder (2)\lab3\zad3a\zad3a\zad3a.cpp(232): warning C4996: 'strcpy': This function or variable may be unsafe. Consider using strcpy_s instead. To disable deprecation, use _CRT_SECURE_NO_WARNINGS. See online help for details.
  c:\program files (x86)\windows kits\10\include\10.0.14393.0\ucrt\string.h(129): note: zobacz deklarację „strcpy”
e:\zzz\nowy folder (2)\lab3\zad3a\zad3a\zad3a.cpp(234): warning C4996: 'strcpy': This function or variable may be unsafe. Consider using strcpy_s instead. To disable deprecation, use _CRT_SECURE_NO_WARNINGS. See online help for details.
  c:\program files (x86)\windows kits\10\include\10.0.14393.0\ucrt\string.h(129): note: zobacz deklarację „strcpy”
e:\zzz\nowy folder (2)\lab3\zad3a\zad3a\zad3a.cpp(239): warning C4996: 'sprintf': This function or variable may be unsafe. Consider using sprintf_s instead. To disable deprecation, use _CRT_SECURE_NO_WARNINGS. See online help for details.
  c:\program files (x86)\windows kits\10\include\10.0.14393.0\ucrt\stdio.h(1769): note: zobacz deklarację „sprintf”
e:\zzz\nowy folder (2)\lab3\zad3a\zad3a\zad3a.cpp(244): warning C4996: 'sprintf': This function or variable may be unsafe. Consider using sprintf_s instead. To disable deprecation, use _CRT_SECURE_NO_WARNINGS. See online help for details.
  c:\program files (x86)\windows kits\10\include\10.0.14393.0\ucrt\stdio.h(1769): note: zobacz deklarację „sprintf”
e:\zzz\nowy folder (2)\lab3\zad3a\zad3a\zad3a.cpp(292): warning C4305: "+=": obcięcie z "double" do "GLfloat"
e:\zzz\nowy folder (2)\lab3\zad3a\zad3a\zad3a.cpp(297): warning C4305: "-=": obcięcie z "double" do "GLfloat"
e:\zzz\nowy folder (2)\lab3\zad3a\zad3a\zad3a.cpp(327): warning C4244: "+=": konwersja z "double" do "GLfloat", możliwa utrata danych
e:\zzz\nowy folder (2)\lab3\zad3a\zad3a\zad3a.cpp(329): warning C4244: "-=": konwersja z "double" do "GLfloat", możliwa utrata danych
e:\zzz\nowy folder (2)\lab3\zad3a\zad3a\zad3a.cpp(480): warning C4996: 'sscanf': This function or variable may be unsafe. Consider using sscanf_s instead. To disable deprecation, use _CRT_SECURE_NO_WARNINGS. See online help for details.
  c:\program files (x86)\windows kits\10\include\10.0.14393.0\ucrt\stdio.h(2254): note: zobacz deklarację „sscanf”
  zad3a.vcxproj -> E:\zzz\Nowy folder (2)\lab3\zad3a\Debug\zad3a.exe
  zad3a.vcxproj -> E:\zzz\Nowy folder (2)\lab3\zad3a\Debug\zad3a.pdb (Partial PDB)
